      From worker 4:	Set parameter NumericFocus to value 3
      From worker 4:	Set parameter BarConvTol to value 1e-06
      From worker 4:	Set parameter MIPGap to value 1e-06
      From worker 4:	Set parameter IntFeasTol to value 1e-06
      From worker 2:	Set parameter NumericFocus to value 3
      From worker 2:	Set parameter BarConvTol to value 1e-06
      From worker 2:	Set parameter MIPGap to value 1e-06
      From worker 2:	Set parameter IntFeasTol to value 1e-06
      From worker 5:	Set parameter NumericFocus to value 3
      From worker 5:	Set parameter BarConvTol to value 1e-06
      From worker 5:	Set parameter MIPGap to value 1e-06
      From worker 5:	Set parameter IntFeasTol to value 1e-06
      From worker 6:	Set parameter NumericFocus to value 3
      From worker 6:	Set parameter BarConvTol to value 1e-06
      From worker 6:	Set parameter MIPGap to value 1e-06
      From worker 6:	Set parameter IntFeasTol to value 1e-06
      From worker 3:	Set parameter NumericFocus to value 3
      From worker 3:	Set parameter BarConvTol to value 1e-06
      From worker 3:	Set parameter MIPGap to value 1e-06
      From worker 3:	Set parameter IntFeasTol to value 1e-06
      From worker 4:	Set parameter NumericFocus to value 3
      From worker 4:	Set parameter MIPGap to value 1e-06
      From worker 4:	Set parameter BarConvTol to value 1e-06
      From worker 4:	Set parameter IntFeasTol to value 1e-06
      From worker 4:	Set parameter Threads to value 5
      From worker 5:	Set parameter NumericFocus to value 3
      From worker 5:	Set parameter MIPGap to value 1e-06
      From worker 5:	Set parameter BarConvTol to value 1e-06
      From worker 5:	Set parameter IntFeasTol to value 1e-06
      From worker 5:	Set parameter Threads to value 5
      From worker 6:	Set parameter NumericFocus to value 3
      From worker 6:	Set parameter MIPGap to value 1e-06
      From worker 6:	Set parameter BarConvTol to value 1e-06
      From worker 6:	Set parameter IntFeasTol to value 1e-06
      From worker 6:	Set parameter Threads to value 5
      From worker 2:	Set parameter NumericFocus to value 3
      From worker 2:	Set parameter MIPGap to value 1e-06
      From worker 2:	Set parameter BarConvTol to value 1e-06
      From worker 2:	Set parameter IntFeasTol to value 1e-06
      From worker 2:	Set parameter Threads to value 5
      From worker 3:	Set parameter NumericFocus to value 3
      From worker 3:	Set parameter MIPGap to value 1e-06
      From worker 3:	Set parameter BarConvTol to value 1e-06
      From worker 3:	Set parameter IntFeasTol to value 1e-06
      From worker 3:	Set parameter Threads to value 5
      From worker 4:	Set parameter NumericFocus to value 3
      From worker 4:	Set parameter BarConvTol to value 1e-06
      From worker 4:	Set parameter MIPGap to value 1e-06
      From worker 4:	Set parameter IntFeasTol to value 1e-06
      From worker 6:	Set parameter NumericFocus to value 3
      From worker 6:	Set parameter BarConvTol to value 1e-06
      From worker 6:	Set parameter MIPGap to value 1e-06
      From worker 6:	Set parameter IntFeasTol to value 1e-06
      From worker 5:	Set parameter NumericFocus to value 3
      From worker 5:	Set parameter BarConvTol to value 1e-06
      From worker 5:	Set parameter MIPGap to value 1e-06
      From worker 5:	Set parameter IntFeasTol to value 1e-06
      From worker 2:	Set parameter NumericFocus to value 3
      From worker 2:	Set parameter BarConvTol to value 1e-06
      From worker 2:	Set parameter MIPGap to value 1e-06
      From worker 2:	Set parameter IntFeasTol to value 1e-06
      From worker 3:	Set parameter NumericFocus to value 3
      From worker 3:	Set parameter BarConvTol to value 1e-06
      From worker 3:	Set parameter MIPGap to value 1e-06
      From worker 3:	Set parameter IntFeasTol to value 1e-06
      From worker 4:	Set parameter NumericFocus to value 3
      From worker 4:	Set parameter MIPGap to value 1e-06
      From worker 4:	Set parameter BarConvTol to value 1e-06
      From worker 4:	Set parameter IntFeasTol to value 1e-06
      From worker 4:	Set parameter Threads to value 5
      From worker 6:	Set parameter NumericFocus to value 3
      From worker 6:	Set parameter MIPGap to value 1e-06
      From worker 6:	Set parameter BarConvTol to value 1e-06
      From worker 6:	Set parameter IntFeasTol to value 1e-06
      From worker 6:	Set parameter Threads to value 5
      From worker 5:	Set parameter NumericFocus to value 3
      From worker 5:	Set parameter MIPGap to value 1e-06
      From worker 5:	Set parameter BarConvTol to value 1e-06
      From worker 5:	Set parameter IntFeasTol to value 1e-06
      From worker 5:	Set parameter Threads to value 5
      From worker 2:	Set parameter NumericFocus to value 3
      From worker 2:	Set parameter MIPGap to value 1e-06
      From worker 2:	Set parameter BarConvTol to value 1e-06
      From worker 2:	Set parameter IntFeasTol to value 1e-06
      From worker 2:	Set parameter Threads to value 5
      From worker 3:	Set parameter NumericFocus to value 3
      From worker 3:	Set parameter MIPGap to value 1e-06
      From worker 3:	Set parameter BarConvTol to value 1e-06
      From worker 3:	Set parameter IntFeasTol to value 1e-06
      From worker 3:	Set parameter Threads to value 5
      From worker 5:	Set parameter NumericFocus to value 3
      From worker 5:	Set parameter BarConvTol to value 1e-06
      From worker 5:	Set parameter MIPGap to value 1e-06
      From worker 5:	Set parameter IntFeasTol to value 1e-06
      From worker 5:	Set parameter NumericFocus to value 3
      From worker 5:	Set parameter MIPGap to value 1e-06
      From worker 5:	Set parameter BarConvTol to value 1e-06
      From worker 5:	Set parameter IntFeasTol to value 1e-06
      From worker 5:	Set parameter Threads to value 5
      From worker 6:	Set parameter NumericFocus to value 3
      From worker 6:	Set parameter BarConvTol to value 1e-06
      From worker 6:	Set parameter MIPGap to value 1e-06
      From worker 6:	Set parameter IntFeasTol to value 1e-06
      From worker 6:	Set parameter NumericFocus to value 3
      From worker 6:	Set parameter MIPGap to value 1e-06
      From worker 6:	Set parameter BarConvTol to value 1e-06
      From worker 6:	Set parameter IntFeasTol to value 1e-06
      From worker 6:	Set parameter Threads to value 5
      From worker 5:	Set parameter NumericFocus to value 3
      From worker 5:	Set parameter BarConvTol to value 1e-06
      From worker 5:	Set parameter MIPGap to value 1e-06
      From worker 5:	Set parameter IntFeasTol to value 1e-06
      From worker 5:	Set parameter NumericFocus to value 3
      From worker 5:	Set parameter MIPGap to value 1e-06
      From worker 5:	Set parameter BarConvTol to value 1e-06
      From worker 5:	Set parameter IntFeasTol to value 1e-06
      From worker 5:	Set parameter Threads to value 5
      From worker 2:	Set parameter NumericFocus to value 3
      From worker 2:	Set parameter BarConvTol to value 1e-06
      From worker 2:	Set parameter MIPGap to value 1e-06
      From worker 2:	Set parameter IntFeasTol to value 1e-06
      From worker 2:	Set parameter NumericFocus to value 3
      From worker 2:	Set parameter MIPGap to value 1e-06
      From worker 2:	Set parameter BarConvTol to value 1e-06
      From worker 2:	Set parameter IntFeasTol to value 1e-06
      From worker 2:	Set parameter Threads to value 5
      From worker 2:	Set parameter NumericFocus to value 3
      From worker 2:	Set parameter BarConvTol to value 1e-06
      From worker 2:	Set parameter MIPGap to value 1e-06
      From worker 2:	Set parameter IntFeasTol to value 1e-06
      From worker 2:	Set parameter NumericFocus to value 3
      From worker 2:	Set parameter MIPGap to value 1e-06
      From worker 2:	Set parameter BarConvTol to value 1e-06
      From worker 2:	Set parameter IntFeasTol to value 1e-06
      From worker 2:	Set parameter Threads to value 5
      From worker 5:	Set parameter NumericFocus to value 3
      From worker 5:	Set parameter BarConvTol to value 1e-06
      From worker 5:	Set parameter MIPGap to value 1e-06
      From worker 5:	Set parameter IntFeasTol to value 1e-06
      From worker 5:	Set parameter NumericFocus to value 3
      From worker 5:	Set parameter MIPGap to value 1e-06
      From worker 5:	Set parameter BarConvTol to value 1e-06
      From worker 5:	Set parameter IntFeasTol to value 1e-06
      From worker 5:	Set parameter Threads to value 5
      From worker 2:	Set parameter NumericFocus to value 3
      From worker 2:	Set parameter BarConvTol to value 1e-06
      From worker 2:	Set parameter MIPGap to value 1e-06
      From worker 2:	Set parameter IntFeasTol to value 1e-06
      From worker 2:	Set parameter NumericFocus to value 3
      From worker 2:	Set parameter MIPGap to value 1e-06
      From worker 2:	Set parameter BarConvTol to value 1e-06
      From worker 2:	Set parameter IntFeasTol to value 1e-06
      From worker 2:	Set parameter Threads to value 5
      From worker 3:	Set parameter NumericFocus to value 3
      From worker 3:	Set parameter BarConvTol to value 1e-06
      From worker 3:	Set parameter MIPGap to value 1e-06
      From worker 3:	Set parameter IntFeasTol to value 1e-06
      From worker 3:	Set parameter NumericFocus to value 3
      From worker 3:	Set parameter MIPGap to value 1e-06
      From worker 3:	Set parameter BarConvTol to value 1e-06
      From worker 3:	Set parameter IntFeasTol to value 1e-06
      From worker 3:	Set parameter Threads to value 5
      From worker 2:	Set parameter NumericFocus to value 3
      From worker 2:	Set parameter BarConvTol to value 1e-06
      From worker 2:	Set parameter MIPGap to value 1e-06
      From worker 2:	Set parameter IntFeasTol to value 1e-06
      From worker 2:	Set parameter NumericFocus to value 3
      From worker 2:	Set parameter MIPGap to value 1e-06
      From worker 2:	Set parameter BarConvTol to value 1e-06
      From worker 2:	Set parameter IntFeasTol to value 1e-06
      From worker 2:	Set parameter Threads to value 5
      From worker 2:	Set parameter NumericFocus to value 3
      From worker 2:	Set parameter BarConvTol to value 1e-06
      From worker 2:	Set parameter MIPGap to value 1e-06
      From worker 2:	Set parameter IntFeasTol to value 1e-06
      From worker 2:	Set parameter NumericFocus to value 3
      From worker 2:	Set parameter MIPGap to value 1e-06
      From worker 2:	Set parameter BarConvTol to value 1e-06
      From worker 2:	Set parameter IntFeasTol to value 1e-06
      From worker 2:	Set parameter Threads to value 5
      From worker 2:	Set parameter NumericFocus to value 3
      From worker 2:	Set parameter BarConvTol to value 1e-06
      From worker 2:	Set parameter MIPGap to value 1e-06
      From worker 2:	Set parameter IntFeasTol to value 1e-06
      From worker 2:	Set parameter NumericFocus to value 3
      From worker 2:	Set parameter MIPGap to value 1e-06
      From worker 2:	Set parameter BarConvTol to value 1e-06
      From worker 2:	Set parameter IntFeasTol to value 1e-06
      From worker 2:	Set parameter Threads to value 5
      From worker 5:	Set parameter NumericFocus to value 3
      From worker 5:	Set parameter BarConvTol to value 1e-06
      From worker 5:	Set parameter MIPGap to value 1e-06
      From worker 5:	Set parameter IntFeasTol to value 1e-06
      From worker 5:	Set parameter NumericFocus to value 3
      From worker 5:	Set parameter MIPGap to value 1e-06
      From worker 5:	Set parameter BarConvTol to value 1e-06
      From worker 5:	Set parameter IntFeasTol to value 1e-06
      From worker 5:	Set parameter Threads to value 5
      From worker 4:	Set parameter NumericFocus to value 3
      From worker 4:	Set parameter BarConvTol to value 1e-06
      From worker 4:	Set parameter MIPGap to value 1e-06
      From worker 4:	Set parameter IntFeasTol to value 1e-06
      From worker 4:	Set parameter NumericFocus to value 3
      From worker 4:	Set parameter MIPGap to value 1e-06
      From worker 4:	Set parameter BarConvTol to value 1e-06
      From worker 4:	Set parameter IntFeasTol to value 1e-06
      From worker 4:	Set parameter Threads to value 5
      From worker 2:	Set parameter NumericFocus to value 3
      From worker 2:	Set parameter BarConvTol to value 1e-06
      From worker 2:	Set parameter MIPGap to value 1e-06
      From worker 2:	Set parameter IntFeasTol to value 1e-06
      From worker 2:	Set parameter NumericFocus to value 3
      From worker 2:	Set parameter MIPGap to value 1e-06
      From worker 2:	Set parameter BarConvTol to value 1e-06
      From worker 2:	Set parameter IntFeasTol to value 1e-06
      From worker 2:	Set parameter Threads to value 5
      From worker 6:	Set parameter NumericFocus to value 3
      From worker 6:	Set parameter BarConvTol to value 1e-06
      From worker 6:	Set parameter MIPGap to value 1e-06
      From worker 6:	Set parameter IntFeasTol to value 1e-06
      From worker 6:	Set parameter NumericFocus to value 3
      From worker 6:	Set parameter MIPGap to value 1e-06
      From worker 6:	Set parameter BarConvTol to value 1e-06
      From worker 6:	Set parameter IntFeasTol to value 1e-06
      From worker 6:	Set parameter Threads to value 5
      From worker 3:	Set parameter NumericFocus to value 3
      From worker 3:	Set parameter BarConvTol to value 1e-06
      From worker 3:	Set parameter MIPGap to value 1e-06
      From worker 3:	Set parameter IntFeasTol to value 1e-06
      From worker 3:	Set parameter NumericFocus to value 3
      From worker 3:	Set parameter MIPGap to value 1e-06
      From worker 3:	Set parameter BarConvTol to value 1e-06
      From worker 3:	Set parameter IntFeasTol to value 1e-06
      From worker 3:	Set parameter Threads to value 5
      From worker 3:	Set parameter NumericFocus to value 3
      From worker 3:	Set parameter BarConvTol to value 1e-06
      From worker 3:	Set parameter MIPGap to value 1e-06
      From worker 3:	Set parameter IntFeasTol to value 1e-06
      From worker 3:	Set parameter NumericFocus to value 3
      From worker 3:	Set parameter MIPGap to value 1e-06
      From worker 3:	Set parameter BarConvTol to value 1e-06
      From worker 3:	Set parameter IntFeasTol to value 1e-06
      From worker 3:	Set parameter Threads to value 5
      From worker 3:	Set parameter NumericFocus to value 3
      From worker 3:	Set parameter BarConvTol to value 1e-06
      From worker 3:	Set parameter MIPGap to value 1e-06
      From worker 3:	Set parameter IntFeasTol to value 1e-06
      From worker 3:	Set parameter NumericFocus to value 3
      From worker 3:	Set parameter MIPGap to value 1e-06
      From worker 3:	Set parameter BarConvTol to value 1e-06
      From worker 3:	Set parameter IntFeasTol to value 1e-06
      From worker 3:	Set parameter Threads to value 5
      From worker 4:	Set parameter NumericFocus to value 3
      From worker 4:	Set parameter BarConvTol to value 1e-06
      From worker 4:	Set parameter MIPGap to value 1e-06
      From worker 4:	Set parameter IntFeasTol to value 1e-06
      From worker 4:	Set parameter NumericFocus to value 3
      From worker 4:	Set parameter MIPGap to value 1e-06
      From worker 4:	Set parameter BarConvTol to value 1e-06
      From worker 4:	Set parameter IntFeasTol to value 1e-06
      From worker 4:	Set parameter Threads to value 5
      From worker 2:	Set parameter NumericFocus to value 3
      From worker 2:	Set parameter BarConvTol to value 1e-06
      From worker 2:	Set parameter MIPGap to value 1e-06
      From worker 2:	Set parameter IntFeasTol to value 1e-06
      From worker 2:	Set parameter NumericFocus to value 3
      From worker 2:	Set parameter MIPGap to value 1e-06
      From worker 2:	Set parameter BarConvTol to value 1e-06
      From worker 2:	Set parameter IntFeasTol to value 1e-06
      From worker 2:	Set parameter Threads to value 5
      From worker 5:	Set parameter NumericFocus to value 3
      From worker 5:	Set parameter BarConvTol to value 1e-06
      From worker 5:	Set parameter MIPGap to value 1e-06
      From worker 5:	Set parameter IntFeasTol to value 1e-06
      From worker 5:	Set parameter NumericFocus to value 3
      From worker 5:	Set parameter MIPGap to value 1e-06
      From worker 5:	Set parameter BarConvTol to value 1e-06
      From worker 5:	Set parameter IntFeasTol to value 1e-06
      From worker 5:	Set parameter Threads to value 5
      From worker 3:	Set parameter NumericFocus to value 3
      From worker 3:	Set parameter BarConvTol to value 1e-06
      From worker 3:	Set parameter MIPGap to value 1e-06
      From worker 3:	Set parameter IntFeasTol to value 1e-06
      From worker 3:	Set parameter NumericFocus to value 3
      From worker 3:	Set parameter MIPGap to value 1e-06
      From worker 3:	Set parameter BarConvTol to value 1e-06
      From worker 3:	Set parameter IntFeasTol to value 1e-06
      From worker 3:	Set parameter Threads to value 5
      From worker 6:	Set parameter NumericFocus to value 3
      From worker 6:	Set parameter BarConvTol to value 1e-06
      From worker 6:	Set parameter MIPGap to value 1e-06
      From worker 6:	Set parameter IntFeasTol to value 1e-06
      From worker 6:	Set parameter NumericFocus to value 3
      From worker 6:	Set parameter MIPGap to value 1e-06
      From worker 6:	Set parameter BarConvTol to value 1e-06
      From worker 6:	Set parameter IntFeasTol to value 1e-06
      From worker 6:	Set parameter Threads to value 5
      From worker 5:	Set parameter NumericFocus to value 3
      From worker 5:	Set parameter BarConvTol to value 1e-06
      From worker 5:	Set parameter MIPGap to value 1e-06
      From worker 5:	Set parameter IntFeasTol to value 1e-06
      From worker 5:	Set parameter NumericFocus to value 3
      From worker 5:	Set parameter MIPGap to value 1e-06
      From worker 5:	Set parameter BarConvTol to value 1e-06
      From worker 5:	Set parameter IntFeasTol to value 1e-06
      From worker 5:	Set parameter Threads to value 5
      From worker 3:	Set parameter NumericFocus to value 3
      From worker 3:	Set parameter BarConvTol to value 1e-06
      From worker 3:	Set parameter MIPGap to value 1e-06
      From worker 3:	Set parameter IntFeasTol to value 1e-06
      From worker 3:	Set parameter NumericFocus to value 3
      From worker 3:	Set parameter MIPGap to value 1e-06
      From worker 3:	Set parameter BarConvTol to value 1e-06
      From worker 3:	Set parameter IntFeasTol to value 1e-06
      From worker 3:	Set parameter Threads to value 5
      From worker 3:	Set parameter NumericFocus to value 3
      From worker 3:	Set parameter BarConvTol to value 1e-06
      From worker 3:	Set parameter MIPGap to value 1e-06
      From worker 3:	Set parameter IntFeasTol to value 1e-06
      From worker 3:	Set parameter NumericFocus to value 3
      From worker 3:	Set parameter MIPGap to value 1e-06
      From worker 3:	Set parameter BarConvTol to value 1e-06
      From worker 3:	Set parameter IntFeasTol to value 1e-06
      From worker 3:	Set parameter Threads to value 5
