
signal (15): Terminated
in expression starting at /home/ubuntu/RobustPowerPlanning/src/test_sensitivity.jl:79
epoll_wait at /usr/lib/x86_64-linux-gnu/libc.so.6 (unknown line)
uv__io_poll at /workspace/srcdir/libuv/src/unix/linux-core.c:309
uv_run at /workspace/srcdir/libuv/src/unix/core.c:379
jl_task_get_next at /buildworker/worker/package_linux64/build/src/partr.c:472
poptask at ./task.jl:760
wait at ./task.jl:768 [inlined]
wait at ./condition.jl:106
wait_readnb at ./stream.jl:413
eof at ./stream.jl:106 [inlined]
#33 at ./task.jl:411
unknown function (ip: 0x7f12c5f2263c)
_jl_invoke at /buildworker/worker/package_linux64/build/src/gf.c:2237 [inlined]
jl_apply_generic at /buildworker/worker/package_linux64/build/src/gf.c:2419
jl_apply at /buildworker/worker/package_linux64/build/src/julia.h:1703 [inlined]
start_task at /buildworker/worker/package_linux64/build/src/task.c:839
unknown function (ip: (nil))
unknown function (ip: (nil))
Allocations: 88347665 (Pool: 88309911; Big: 37754); GC: 72
┌ Warning: Forcibly interrupting busy workers
│   exception = schedule: Task not runnable
└ @ Distributed /buildworker/worker/package_linux64/build/usr/share/julia/stdlib/v1.6/Distributed/src/cluster.jl:1242
┌ Error: Unable to terminate all workers
│   exception =
│    IOError: stream is closed or unusable
│    Stacktrace:
│      [1] check_open
│        @ ./stream.jl:386 [inlined]
│      [2] uv_write_async(s::Sockets.TCPSocket, p::Ptr{UInt8}, n::UInt64)
│        @ Base ./stream.jl:1018
│      [3] uv_write(s::Sockets.TCPSocket, p::Ptr{UInt8}, n::UInt64)
│        @ Base ./stream.jl:981
│      [4] uv_write
│        @ ./stream.jl:977 [inlined]
│      [5] flush(s::Sockets.TCPSocket)
│        @ Base ./stream.jl:1073
│      [6] send_msg_(w::Distributed.Worker, header::Distributed.MsgHeader, msg::Distributed.RemoteDoMsg, now::Bool)
│        @ Distributed /buildworker/worker/package_linux64/build/usr/share/julia/stdlib/v1.6/Distributed/src/messages.jl:180
│      [7] send_msg
│        @ /buildworker/worker/package_linux64/build/usr/share/julia/stdlib/v1.6/Distributed/src/messages.jl:122 [inlined]
│      [8] #remote_do#153
│        @ /buildworker/worker/package_linux64/build/usr/share/julia/stdlib/v1.6/Distributed/src/remotecall.jl:461 [inlined]
│      [9] remote_do
│        @ /buildworker/worker/package_linux64/build/usr/share/julia/stdlib/v1.6/Distributed/src/remotecall.jl:461 [inlined]
│     [10] #remote_do#154
│        @ /buildworker/worker/package_linux64/build/usr/share/julia/stdlib/v1.6/Distributed/src/remotecall.jl:486 [inlined]
│     [11] remote_do
│        @ /buildworker/worker/package_linux64/build/usr/share/julia/stdlib/v1.6/Distributed/src/remotecall.jl:486 [inlined]
│     [12] kill(manager::Distributed.LocalManager, pid::Int64, config::WorkerConfig)
│        @ Distributed /buildworker/worker/package_linux64/build/usr/share/julia/stdlib/v1.6/Distributed/src/managers.jl:675
│     [13] _rmprocs(pids::Vector{Int64}, waitfor::Float64)
│        @ Distributed /buildworker/worker/package_linux64/build/usr/share/julia/stdlib/v1.6/Distributed/src/cluster.jl:1043
│     [14] rmprocs(pids::Vector{Int64}; waitfor::Float64)
│        @ Distributed /buildworker/worker/package_linux64/build/usr/share/julia/stdlib/v1.6/Distributed/src/cluster.jl:1026
│     [15] terminate_all_workers()
│        @ Distributed /buildworker/worker/package_linux64/build/usr/share/julia/stdlib/v1.6/Distributed/src/cluster.jl:1246
│     [16] _atexit()
│        @ Base ./initdefs.jl:343
└ @ Distributed /buildworker/worker/package_linux64/build/usr/share/julia/stdlib/v1.6/Distributed/src/cluster.jl:1248
      From worker 3:	Set parameter NumericFocus to value 3
      From worker 3:	Set parameter BarConvTol to value 1e-06
      From worker 3:	Set parameter MIPGap to value 1e-06
      From worker 3:	Set parameter IntFeasTol to value 1e-06
      From worker 8:	Set parameter NumericFocus to value 3
      From worker 8:	Set parameter BarConvTol to value 1e-06
      From worker 8:	Set parameter MIPGap to value 1e-06
      From worker 8:	Set parameter IntFeasTol to value 1e-06
      From worker 2:	Set parameter NumericFocus to value 3
      From worker 2:	Set parameter BarConvTol to value 1e-06
      From worker 2:	Set parameter MIPGap to value 1e-06
      From worker 2:	Set parameter IntFeasTol to value 1e-06
      From worker 4:	Set parameter NumericFocus to value 3
      From worker 4:	Set parameter BarConvTol to value 1e-06
      From worker 4:	Set parameter MIPGap to value 1e-06
      From worker 4:	Set parameter IntFeasTol to value 1e-06
      From worker 9:	Set parameter NumericFocus to value 3
      From worker 9:	Set parameter BarConvTol to value 1e-06
      From worker 9:	Set parameter MIPGap to value 1e-06
      From worker 9:	Set parameter IntFeasTol to value 1e-06
      From worker 5:	Set parameter NumericFocus to value 3
      From worker 5:	Set parameter BarConvTol to value 1e-06
      From worker 5:	Set parameter MIPGap to value 1e-06
      From worker 5:	Set parameter IntFeasTol to value 1e-06
      From worker 7:	Set parameter NumericFocus to value 3
      From worker 6:	Set parameter NumericFocus to value 3
      From worker 7:	Set parameter BarConvTol to value 1e-06
      From worker 7:	Set parameter MIPGap to value 1e-06
      From worker 7:	Set parameter IntFeasTol to value 1e-06
      From worker 6:	Set parameter BarConvTol to value 1e-06
      From worker 6:	Set parameter MIPGap to value 1e-06
      From worker 6:	Set parameter IntFeasTol to value 1e-06
      From worker 3:	Set parameter NumericFocus to value 3
      From worker 3:	Set parameter MIPGap to value 1e-06
      From worker 3:	Set parameter BarConvTol to value 1e-06
      From worker 3:	Set parameter IntFeasTol to value 1e-06
      From worker 3:	Set parameter Threads to value 4
      From worker 8:	Set parameter NumericFocus to value 3
      From worker 8:	Set parameter MIPGap to value 1e-06
      From worker 8:	Set parameter BarConvTol to value 1e-06
      From worker 8:	Set parameter IntFeasTol to value 1e-06
      From worker 8:	Set parameter Threads to value 4
      From worker 2:	Set parameter NumericFocus to value 3
      From worker 2:	Set parameter MIPGap to value 1e-06
      From worker 2:	Set parameter BarConvTol to value 1e-06
      From worker 2:	Set parameter IntFeasTol to value 1e-06
      From worker 2:	Set parameter Threads to value 4
      From worker 4:	Set parameter NumericFocus to value 3
      From worker 4:	Set parameter MIPGap to value 1e-06
      From worker 4:	Set parameter BarConvTol to value 1e-06
      From worker 4:	Set parameter IntFeasTol to value 1e-06
      From worker 4:	Set parameter Threads to value 4
      From worker 6:	Set parameter NumericFocus to value 3
      From worker 6:	Set parameter MIPGap to value 1e-06
      From worker 6:	Set parameter BarConvTol to value 1e-06
      From worker 6:	Set parameter IntFeasTol to value 1e-06
      From worker 6:	Set parameter Threads to value 4
      From worker 9:	Set parameter NumericFocus to value 3
      From worker 9:	Set parameter MIPGap to value 1e-06
      From worker 9:	Set parameter BarConvTol to value 1e-06
      From worker 9:	Set parameter IntFeasTol to value 1e-06
      From worker 9:	Set parameter Threads to value 4
      From worker 5:	Set parameter NumericFocus to value 3
      From worker 5:	Set parameter MIPGap to value 1e-06
      From worker 5:	Set parameter BarConvTol to value 1e-06
      From worker 5:	Set parameter IntFeasTol to value 1e-06
      From worker 5:	Set parameter Threads to value 4
      From worker 7:	Set parameter NumericFocus to value 3
      From worker 7:	Set parameter MIPGap to value 1e-06
      From worker 7:	Set parameter BarConvTol to value 1e-06
      From worker 7:	Set parameter IntFeasTol to value 1e-06
      From worker 7:	Set parameter Threads to value 4
      From worker 9:	Set parameter NumericFocus to value 3
      From worker 9:	Set parameter BarConvTol to value 1e-06
      From worker 9:	Set parameter MIPGap to value 1e-06
      From worker 9:	Set parameter IntFeasTol to value 1e-06
      From worker 6:	Set parameter NumericFocus to value 3
      From worker 6:	Set parameter BarConvTol to value 1e-06
      From worker 6:	Set parameter MIPGap to value 1e-06
      From worker 6:	Set parameter IntFeasTol to value 1e-06
      From worker 5:	Set parameter NumericFocus to value 3
      From worker 5:	Set parameter BarConvTol to value 1e-06
      From worker 5:	Set parameter MIPGap to value 1e-06
      From worker 5:	Set parameter IntFeasTol to value 1e-06
      From worker 9:	Set parameter NumericFocus to value 3
      From worker 9:	Set parameter MIPGap to value 1e-06
      From worker 9:	Set parameter BarConvTol to value 1e-06
      From worker 9:	Set parameter IntFeasTol to value 1e-06
      From worker 9:	Set parameter Threads to value 4
      From worker 7:	Set parameter NumericFocus to value 3
      From worker 7:	Set parameter BarConvTol to value 1e-06
      From worker 7:	Set parameter MIPGap to value 1e-06
      From worker 7:	Set parameter IntFeasTol to value 1e-06
      From worker 5:	Set parameter NumericFocus to value 3
      From worker 5:	Set parameter MIPGap to value 1e-06
      From worker 5:	Set parameter BarConvTol to value 1e-06
      From worker 5:	Set parameter IntFeasTol to value 1e-06
      From worker 5:	Set parameter Threads to value 4
      From worker 6:	Set parameter NumericFocus to value 3
      From worker 6:	Set parameter MIPGap to value 1e-06
      From worker 6:	Set parameter BarConvTol to value 1e-06
      From worker 6:	Set parameter IntFeasTol to value 1e-06
      From worker 6:	Set parameter Threads to value 4
      From worker 8:	Set parameter NumericFocus to value 3
      From worker 8:	Set parameter BarConvTol to value 1e-06
      From worker 8:	Set parameter MIPGap to value 1e-06
      From worker 8:	Set parameter IntFeasTol to value 1e-06
      From worker 7:	Set parameter NumericFocus to value 3
      From worker 7:	Set parameter MIPGap to value 1e-06
      From worker 7:	Set parameter BarConvTol to value 1e-06
      From worker 7:	Set parameter IntFeasTol to value 1e-06
      From worker 7:	Set parameter Threads to value 4
      From worker 8:	Set parameter NumericFocus to value 3
      From worker 8:	Set parameter MIPGap to value 1e-06
      From worker 8:	Set parameter BarConvTol to value 1e-06
      From worker 8:	Set parameter IntFeasTol to value 1e-06
      From worker 8:	Set parameter Threads to value 4
      From worker 4:	Set parameter NumericFocus to value 3
      From worker 4:	Set parameter BarConvTol to value 1e-06
      From worker 4:	Set parameter MIPGap to value 1e-06
      From worker 4:	Set parameter IntFeasTol to value 1e-06
      From worker 3:	Set parameter NumericFocus to value 3
      From worker 3:	Set parameter BarConvTol to value 1e-06
      From worker 3:	Set parameter MIPGap to value 1e-06
      From worker 3:	Set parameter IntFeasTol to value 1e-06
      From worker 4:	Set parameter NumericFocus to value 3
      From worker 4:	Set parameter MIPGap to value 1e-06
      From worker 4:	Set parameter BarConvTol to value 1e-06
      From worker 4:	Set parameter IntFeasTol to value 1e-06
      From worker 4:	Set parameter Threads to value 4
      From worker 2:	Set parameter NumericFocus to value 3
      From worker 2:	Set parameter BarConvTol to value 1e-06
      From worker 2:	Set parameter MIPGap to value 1e-06
      From worker 2:	Set parameter IntFeasTol to value 1e-06
      From worker 3:	Set parameter NumericFocus to value 3
      From worker 3:	Set parameter MIPGap to value 1e-06
      From worker 3:	Set parameter BarConvTol to value 1e-06
      From worker 3:	Set parameter IntFeasTol to value 1e-06
      From worker 3:	Set parameter Threads to value 4
      From worker 2:	Set parameter NumericFocus to value 3
      From worker 2:	Set parameter MIPGap to value 1e-06
      From worker 2:	Set parameter BarConvTol to value 1e-06
      From worker 2:	Set parameter IntFeasTol to value 1e-06
      From worker 2:	Set parameter Threads to value 4
      From worker 7:	Set parameter NumericFocus to value 3
      From worker 7:	Set parameter BarConvTol to value 1e-06
      From worker 7:	Set parameter MIPGap to value 1e-06
      From worker 7:	Set parameter IntFeasTol to value 1e-06
      From worker 7:	Set parameter NumericFocus to value 3
      From worker 7:	Set parameter MIPGap to value 1e-06
      From worker 7:	Set parameter BarConvTol to value 1e-06
      From worker 7:	Set parameter IntFeasTol to value 1e-06
      From worker 7:	Set parameter Threads to value 4
      From worker 6:	Set parameter NumericFocus to value 3
      From worker 6:	Set parameter BarConvTol to value 1e-06
      From worker 6:	Set parameter MIPGap to value 1e-06
      From worker 6:	Set parameter IntFeasTol to value 1e-06
      From worker 6:	Set parameter NumericFocus to value 3
      From worker 6:	Set parameter MIPGap to value 1e-06
      From worker 6:	Set parameter BarConvTol to value 1e-06
      From worker 6:	Set parameter IntFeasTol to value 1e-06
      From worker 6:	Set parameter Threads to value 4
      From worker 5:	Set parameter NumericFocus to value 3
      From worker 5:	Set parameter BarConvTol to value 1e-06
      From worker 5:	Set parameter MIPGap to value 1e-06
      From worker 5:	Set parameter IntFeasTol to value 1e-06
      From worker 5:	Set parameter NumericFocus to value 3
      From worker 5:	Set parameter MIPGap to value 1e-06
      From worker 5:	Set parameter BarConvTol to value 1e-06
      From worker 5:	Set parameter IntFeasTol to value 1e-06
      From worker 5:	Set parameter Threads to value 4
      From worker 9:	Set parameter NumericFocus to value 3
      From worker 9:	Set parameter BarConvTol to value 1e-06
      From worker 9:	Set parameter MIPGap to value 1e-06
      From worker 9:	Set parameter IntFeasTol to value 1e-06
      From worker 9:	Set parameter NumericFocus to value 3
      From worker 9:	Set parameter MIPGap to value 1e-06
      From worker 9:	Set parameter BarConvTol to value 1e-06
      From worker 9:	Set parameter IntFeasTol to value 1e-06
      From worker 9:	Set parameter Threads to value 4
      From worker 2:	Set parameter NumericFocus to value 3
      From worker 2:	Set parameter BarConvTol to value 1e-06
      From worker 2:	Set parameter MIPGap to value 1e-06
      From worker 2:	Set parameter IntFeasTol to value 1e-06
      From worker 2:	Set parameter NumericFocus to value 3
      From worker 2:	Set parameter MIPGap to value 1e-06
      From worker 2:	Set parameter BarConvTol to value 1e-06
      From worker 2:	Set parameter IntFeasTol to value 1e-06
      From worker 2:	Set parameter Threads to value 4
      From worker 8:	Set parameter NumericFocus to value 3
      From worker 8:	Set parameter BarConvTol to value 1e-06
      From worker 8:	Set parameter MIPGap to value 1e-06
      From worker 8:	Set parameter IntFeasTol to value 1e-06
      From worker 8:	Set parameter NumericFocus to value 3
      From worker 8:	Set parameter MIPGap to value 1e-06
      From worker 8:	Set parameter BarConvTol to value 1e-06
      From worker 8:	Set parameter IntFeasTol to value 1e-06
      From worker 8:	Set parameter Threads to value 4
      From worker 4:	Set parameter NumericFocus to value 3
      From worker 4:	Set parameter BarConvTol to value 1e-06
      From worker 4:	Set parameter MIPGap to value 1e-06
      From worker 4:	Set parameter IntFeasTol to value 1e-06
      From worker 4:	Set parameter NumericFocus to value 3
      From worker 4:	Set parameter MIPGap to value 1e-06
      From worker 4:	Set parameter BarConvTol to value 1e-06
      From worker 4:	Set parameter IntFeasTol to value 1e-06
      From worker 4:	Set parameter Threads to value 4
      From worker 3:	Set parameter NumericFocus to value 3
      From worker 3:	Set parameter BarConvTol to value 1e-06
      From worker 3:	Set parameter MIPGap to value 1e-06
      From worker 3:	Set parameter IntFeasTol to value 1e-06
      From worker 3:	Set parameter NumericFocus to value 3
      From worker 3:	Set parameter MIPGap to value 1e-06
      From worker 3:	Set parameter BarConvTol to value 1e-06
      From worker 3:	Set parameter IntFeasTol to value 1e-06
      From worker 3:	Set parameter Threads to value 4
      From worker 5:	Set parameter NumericFocus to value 3
      From worker 5:	Set parameter BarConvTol to value 1e-06
      From worker 5:	Set parameter MIPGap to value 1e-06
      From worker 5:	Set parameter IntFeasTol to value 1e-06
      From worker 5:	Set parameter NumericFocus to value 3
      From worker 5:	Set parameter MIPGap to value 1e-06
      From worker 5:	Set parameter BarConvTol to value 1e-06
      From worker 5:	Set parameter IntFeasTol to value 1e-06
      From worker 5:	Set parameter Threads to value 4
      From worker 9:	Set parameter NumericFocus to value 3
      From worker 9:	Set parameter BarConvTol to value 1e-06
      From worker 9:	Set parameter MIPGap to value 1e-06
      From worker 9:	Set parameter IntFeasTol to value 1e-06
      From worker 9:	Set parameter NumericFocus to value 3
      From worker 9:	Set parameter MIPGap to value 1e-06
      From worker 9:	Set parameter BarConvTol to value 1e-06
      From worker 9:	Set parameter IntFeasTol to value 1e-06
      From worker 9:	Set parameter Threads to value 4
      From worker 6:	Set parameter NumericFocus to value 3
      From worker 6:	Set parameter BarConvTol to value 1e-06
      From worker 6:	Set parameter MIPGap to value 1e-06
      From worker 6:	Set parameter IntFeasTol to value 1e-06
      From worker 6:	Set parameter NumericFocus to value 3
      From worker 6:	Set parameter MIPGap to value 1e-06
      From worker 6:	Set parameter BarConvTol to value 1e-06
      From worker 6:	Set parameter IntFeasTol to value 1e-06
      From worker 6:	Set parameter Threads to value 4
      From worker 7:	Set parameter NumericFocus to value 3
      From worker 7:	Set parameter BarConvTol to value 1e-06
      From worker 7:	Set parameter MIPGap to value 1e-06
      From worker 7:	Set parameter IntFeasTol to value 1e-06
      From worker 7:	Set parameter NumericFocus to value 3
      From worker 7:	Set parameter MIPGap to value 1e-06
      From worker 7:	Set parameter BarConvTol to value 1e-06
      From worker 7:	Set parameter IntFeasTol to value 1e-06
      From worker 7:	Set parameter Threads to value 4
      From worker 2:	Set parameter NumericFocus to value 3
      From worker 2:	Set parameter BarConvTol to value 1e-06
      From worker 2:	Set parameter MIPGap to value 1e-06
      From worker 2:	Set parameter IntFeasTol to value 1e-06
      From worker 2:	Set parameter NumericFocus to value 3
      From worker 2:	Set parameter MIPGap to value 1e-06
      From worker 2:	Set parameter BarConvTol to value 1e-06
      From worker 2:	Set parameter IntFeasTol to value 1e-06
      From worker 2:	Set parameter Threads to value 4
      From worker 3:	Set parameter NumericFocus to value 3
      From worker 3:	Set parameter BarConvTol to value 1e-06
      From worker 3:	Set parameter MIPGap to value 1e-06
      From worker 3:	Set parameter IntFeasTol to value 1e-06
      From worker 3:	Set parameter NumericFocus to value 3
      From worker 3:	Set parameter MIPGap to value 1e-06
      From worker 3:	Set parameter BarConvTol to value 1e-06
      From worker 3:	Set parameter IntFeasTol to value 1e-06
      From worker 3:	Set parameter Threads to value 4
      From worker 4:	Set parameter NumericFocus to value 3
      From worker 4:	Set parameter BarConvTol to value 1e-06
      From worker 4:	Set parameter MIPGap to value 1e-06
      From worker 4:	Set parameter IntFeasTol to value 1e-06
      From worker 4:	Set parameter NumericFocus to value 3
      From worker 4:	Set parameter MIPGap to value 1e-06
      From worker 4:	Set parameter BarConvTol to value 1e-06
      From worker 4:	Set parameter IntFeasTol to value 1e-06
      From worker 4:	Set parameter Threads to value 4
      From worker 8:	Set parameter NumericFocus to value 3
      From worker 8:	Set parameter BarConvTol to value 1e-06
      From worker 8:	Set parameter MIPGap to value 1e-06
      From worker 8:	Set parameter IntFeasTol to value 1e-06
      From worker 8:	Set parameter NumericFocus to value 3
      From worker 8:	Set parameter MIPGap to value 1e-06
      From worker 8:	Set parameter BarConvTol to value 1e-06
      From worker 8:	Set parameter IntFeasTol to value 1e-06
      From worker 8:	Set parameter Threads to value 4
      From worker 5:	Set parameter NumericFocus to value 3
      From worker 5:	Set parameter BarConvTol to value 1e-06
      From worker 5:	Set parameter MIPGap to value 1e-06
      From worker 5:	Set parameter IntFeasTol to value 1e-06
      From worker 5:	Set parameter NumericFocus to value 3
      From worker 5:	Set parameter MIPGap to value 1e-06
      From worker 5:	Set parameter BarConvTol to value 1e-06
      From worker 5:	Set parameter IntFeasTol to value 1e-06
      From worker 5:	Set parameter Threads to value 4
      From worker 6:	Set parameter NumericFocus to value 3
      From worker 6:	Set parameter BarConvTol to value 1e-06
      From worker 6:	Set parameter MIPGap to value 1e-06
      From worker 6:	Set parameter IntFeasTol to value 1e-06
      From worker 6:	Set parameter NumericFocus to value 3
      From worker 6:	Set parameter MIPGap to value 1e-06
      From worker 6:	Set parameter BarConvTol to value 1e-06
      From worker 6:	Set parameter IntFeasTol to value 1e-06
      From worker 6:	Set parameter Threads to value 4
      From worker 9:	Set parameter NumericFocus to value 3
      From worker 9:	Set parameter BarConvTol to value 1e-06
      From worker 9:	Set parameter MIPGap to value 1e-06
      From worker 9:	Set parameter IntFeasTol to value 1e-06
      From worker 9:	Set parameter NumericFocus to value 3
      From worker 9:	Set parameter MIPGap to value 1e-06
      From worker 9:	Set parameter BarConvTol to value 1e-06
      From worker 9:	Set parameter IntFeasTol to value 1e-06
      From worker 9:	Set parameter Threads to value 4
      From worker 6:	Set parameter NumericFocus to value 3
      From worker 6:	Set parameter BarConvTol to value 1e-06
      From worker 6:	Set parameter MIPGap to value 1e-06
      From worker 6:	Set parameter IntFeasTol to value 1e-06
      From worker 6:	Set parameter NumericFocus to value 3
      From worker 6:	Set parameter MIPGap to value 1e-06
      From worker 6:	Set parameter BarConvTol to value 1e-06
      From worker 6:	Set parameter IntFeasTol to value 1e-06
      From worker 6:	Set parameter Threads to value 4
      From worker 6:	Set parameter NumericFocus to value 3
      From worker 6:	Set parameter BarConvTol to value 1e-06
      From worker 6:	Set parameter MIPGap to value 1e-06
      From worker 6:	Set parameter IntFeasTol to value 1e-06
      From worker 6:	Set parameter NumericFocus to value 3
      From worker 6:	Set parameter MIPGap to value 1e-06
      From worker 6:	Set parameter BarConvTol to value 1e-06
      From worker 6:	Set parameter IntFeasTol to value 1e-06
      From worker 6:	Set parameter Threads to value 4
      From worker 5:	Set parameter NumericFocus to value 3
      From worker 5:	Set parameter BarConvTol to value 1e-06
      From worker 5:	Set parameter MIPGap to value 1e-06
      From worker 5:	Set parameter IntFeasTol to value 1e-06
      From worker 5:	Set parameter NumericFocus to value 3
      From worker 5:	Set parameter MIPGap to value 1e-06
      From worker 5:	Set parameter BarConvTol to value 1e-06
      From worker 5:	Set parameter IntFeasTol to value 1e-06
      From worker 5:	Set parameter Threads to value 4
      From worker 9:	Set parameter NumericFocus to value 3
      From worker 9:	Set parameter BarConvTol to value 1e-06
      From worker 9:	Set parameter MIPGap to value 1e-06
      From worker 9:	Set parameter IntFeasTol to value 1e-06
      From worker 4:	Set parameter NumericFocus to value 3
      From worker 4:	Set parameter BarConvTol to value 1e-06
      From worker 4:	Set parameter MIPGap to value 1e-06
      From worker 4:	Set parameter IntFeasTol to value 1e-06
      From worker 8:	Set parameter NumericFocus to value 3
      From worker 8:	Set parameter BarConvTol to value 1e-06
      From worker 8:	Set parameter MIPGap to value 1e-06
      From worker 8:	Set parameter IntFeasTol to value 1e-06
      From worker 3:	Set parameter NumericFocus to value 3
      From worker 3:	Set parameter BarConvTol to value 1e-06
      From worker 3:	Set parameter MIPGap to value 1e-06
      From worker 3:	Set parameter IntFeasTol to value 1e-06
      From worker 4:	Set parameter NumericFocus to value 3
      From worker 4:	Set parameter MIPGap to value 1e-06
      From worker 4:	Set parameter BarConvTol to value 1e-06
      From worker 4:	Set parameter IntFeasTol to value 1e-06
      From worker 4:	Set parameter Threads to value 4
      From worker 9:	Set parameter NumericFocus to value 3
      From worker 9:	Set parameter MIPGap to value 1e-06
      From worker 9:	Set parameter BarConvTol to value 1e-06
      From worker 9:	Set parameter IntFeasTol to value 1e-06
      From worker 9:	Set parameter Threads to value 4
      From worker 3:	Set parameter NumericFocus to value 3
      From worker 3:	Set parameter MIPGap to value 1e-06
      From worker 3:	Set parameter BarConvTol to value 1e-06
      From worker 3:	Set parameter IntFeasTol to value 1e-06
      From worker 3:	Set parameter Threads to value 4
      From worker 8:	Set parameter NumericFocus to value 3
      From worker 8:	Set parameter MIPGap to value 1e-06
      From worker 8:	Set parameter BarConvTol to value 1e-06
      From worker 8:	Set parameter IntFeasTol to value 1e-06
      From worker 8:	Set parameter Threads to value 4
      From worker 6:	Set parameter NumericFocus to value 3
      From worker 6:	Set parameter BarConvTol to value 1e-06
      From worker 6:	Set parameter MIPGap to value 1e-06
      From worker 6:	Set parameter IntFeasTol to value 1e-06
      From worker 6:	Set parameter NumericFocus to value 3
      From worker 6:	Set parameter MIPGap to value 1e-06
      From worker 6:	Set parameter BarConvTol to value 1e-06
      From worker 6:	Set parameter IntFeasTol to value 1e-06
      From worker 6:	Set parameter Threads to value 4
      From worker 7:	Set parameter NumericFocus to value 3
      From worker 7:	Set parameter BarConvTol to value 1e-06
      From worker 7:	Set parameter MIPGap to value 1e-06
      From worker 7:	Set parameter IntFeasTol to value 1e-06
      From worker 7:	Set parameter NumericFocus to value 3
      From worker 7:	Set parameter MIPGap to value 1e-06
      From worker 7:	Set parameter BarConvTol to value 1e-06
      From worker 7:	Set parameter IntFeasTol to value 1e-06
      From worker 7:	Set parameter Threads to value 4
      From worker 2:	Set parameter NumericFocus to value 3
      From worker 2:	Set parameter BarConvTol to value 1e-06
      From worker 2:	Set parameter MIPGap to value 1e-06
      From worker 2:	Set parameter IntFeasTol to value 1e-06
      From worker 2:	Set parameter NumericFocus to value 3
      From worker 2:	Set parameter MIPGap to value 1e-06
      From worker 2:	Set parameter BarConvTol to value 1e-06
      From worker 2:	Set parameter IntFeasTol to value 1e-06
      From worker 2:	Set parameter Threads to value 4
      From worker 5:	Set parameter NumericFocus to value 3
      From worker 5:	Set parameter BarConvTol to value 1e-06
      From worker 5:	Set parameter MIPGap to value 1e-06
      From worker 5:	Set parameter IntFeasTol to value 1e-06
      From worker 5:	Set parameter NumericFocus to value 3
      From worker 5:	Set parameter MIPGap to value 1e-06
      From worker 5:	Set parameter BarConvTol to value 1e-06
      From worker 5:	Set parameter IntFeasTol to value 1e-06
      From worker 5:	Set parameter Threads to value 4
      From worker 8:	Set parameter NumericFocus to value 3
      From worker 8:	Set parameter BarConvTol to value 1e-06
      From worker 8:	Set parameter MIPGap to value 1e-06
      From worker 8:	Set parameter IntFeasTol to value 1e-06
      From worker 8:	Set parameter NumericFocus to value 3
      From worker 8:	Set parameter MIPGap to value 1e-06
      From worker 8:	Set parameter BarConvTol to value 1e-06
      From worker 8:	Set parameter IntFeasTol to value 1e-06
      From worker 8:	Set parameter Threads to value 4
      From worker 2:	Set parameter NumericFocus to value 3
      From worker 2:	Set parameter BarConvTol to value 1e-06
      From worker 2:	Set parameter MIPGap to value 1e-06
      From worker 2:	Set parameter IntFeasTol to value 1e-06
      From worker 2:	Set parameter NumericFocus to value 3
      From worker 2:	Set parameter MIPGap to value 1e-06
      From worker 2:	Set parameter BarConvTol to value 1e-06
      From worker 2:	Set parameter IntFeasTol to value 1e-06
      From worker 2:	Set parameter Threads to value 4
      From worker 7:	Set parameter NumericFocus to value 3
      From worker 7:	Set parameter BarConvTol to value 1e-06
      From worker 7:	Set parameter MIPGap to value 1e-06
      From worker 7:	Set parameter IntFeasTol to value 1e-06
      From worker 7:	Set parameter NumericFocus to value 3
      From worker 7:	Set parameter MIPGap to value 1e-06
      From worker 7:	Set parameter BarConvTol to value 1e-06
      From worker 7:	Set parameter IntFeasTol to value 1e-06
      From worker 7:	Set parameter Threads to value 4
      From worker 4:	Set parameter NumericFocus to value 3
      From worker 4:	Set parameter BarConvTol to value 1e-06
      From worker 4:	Set parameter MIPGap to value 1e-06
      From worker 4:	Set parameter IntFeasTol to value 1e-06
      From worker 4:	Set parameter NumericFocus to value 3
      From worker 4:	Set parameter MIPGap to value 1e-06
      From worker 4:	Set parameter BarConvTol to value 1e-06
      From worker 4:	Set parameter IntFeasTol to value 1e-06
      From worker 4:	Set parameter Threads to value 4
      From worker 6:	Set parameter NumericFocus to value 3
      From worker 6:	Set parameter BarConvTol to value 1e-06
      From worker 6:	Set parameter MIPGap to value 1e-06
      From worker 6:	Set parameter IntFeasTol to value 1e-06
      From worker 6:	Set parameter NumericFocus to value 3
      From worker 6:	Set parameter MIPGap to value 1e-06
      From worker 6:	Set parameter BarConvTol to value 1e-06
      From worker 6:	Set parameter IntFeasTol to value 1e-06
      From worker 6:	Set parameter Threads to value 4
      From worker 3:	Set parameter NumericFocus to value 3
      From worker 3:	Set parameter BarConvTol to value 1e-06
      From worker 3:	Set parameter MIPGap to value 1e-06
      From worker 3:	Set parameter IntFeasTol to value 1e-06
      From worker 3:	Set parameter NumericFocus to value 3
      From worker 3:	Set parameter MIPGap to value 1e-06
      From worker 3:	Set parameter BarConvTol to value 1e-06
      From worker 3:	Set parameter IntFeasTol to value 1e-06
      From worker 3:	Set parameter Threads to value 4
      From worker 9:	Set parameter NumericFocus to value 3
      From worker 9:	Set parameter BarConvTol to value 1e-06
      From worker 9:	Set parameter MIPGap to value 1e-06
      From worker 9:	Set parameter IntFeasTol to value 1e-06
      From worker 9:	Set parameter NumericFocus to value 3
      From worker 9:	Set parameter MIPGap to value 1e-06
      From worker 9:	Set parameter BarConvTol to value 1e-06
      From worker 9:	Set parameter IntFeasTol to value 1e-06
      From worker 9:	Set parameter Threads to value 4
